<?xml version="1.0" encoding="UTF-8"?>
<!-- Generated by org.testng.reporters.JUnitReportReporter -->
<testsuite hostname="DESKTOP-3N9MMOR" failures="0" tests="1" name="testNG_BasicAnnotation.Test1_SingleMethod" time="35.771" errors="0" timestamp="2023-07-17T22:30:01 IST" skipped="0">
  <testcase classname="testNG_BasicAnnotation.Test1_SingleMethod" name="sdPage" time="35.771"/>
</testsuite> <!-- testNG_BasicAnnotation.Test1_SingleMethod -->
