<?xml version="1.0" encoding="UTF-8"?>
<!-- Generated by org.testng.reporters.JUnitReportReporter -->
<testsuite hostname="DESKTOP-3N9MMOR" failures="0" tests="2" name="testNG_BasicAnnotation.Test4_BC_AC" time="14.289" errors="0" timestamp="2023-07-18T15:44:40 IST" skipped="0">
  <testcase classname="testNG_BasicAnnotation.Test4_BC_AC" name="verify_sdpage" time="6.604"/>
  <testcase classname="testNG_BasicAnnotation.Test4_BC_AC" name="verify_seleniumpage" time="7.685"/>
</testsuite> <!-- testNG_BasicAnnotation.Test4_BC_AC -->
