<?xml version="1.0" encoding="UTF-8"?>
<!-- Generated by org.testng.reporters.JUnitReportReporter -->
<testsuite hostname="DESKTOP-3N9MMOR" failures="0" tests="2" name="testNG_BasicAnnotation.Test3_AM_BM" time="13.731" errors="0" timestamp="2023-07-18T15:41:29 IST" skipped="0">
  <testcase classname="testNG_BasicAnnotation.Test3_AM_BM" name="verify_sdpage" time="6.328"/>
  <testcase classname="testNG_BasicAnnotation.Test3_AM_BM" name="verify_seleniumpage" time="7.403"/>
</testsuite> <!-- testNG_BasicAnnotation.Test3_AM_BM -->
