<?xml version="1.0" encoding="UTF-8"?>
<!-- Generated by org.testng.reporters.JUnitReportReporter -->
<testsuite hostname="DESKTOP-C4NRMB8" failures="0" tests="1" name="package2.Test1_Chrome" time="21.076" errors="0" timestamp="2023-08-29T10:31:55 IST" skipped="0">
  <testcase classname="package2.Test1_Chrome" name="sdPage" time="21.076"/>
</testsuite> <!-- package2.Test1_Chrome -->
