<?xml version="1.0" encoding="UTF-8"?>
<!-- Generated by org.testng.reporters.JUnitReportReporter -->
<testsuite hostname="DESKTOP-3N9MMOR" failures="0" tests="8" name="testNG_BasicAnnotation.Test2_MultipleMethods" time="36.166" errors="0" timestamp="2023-07-17T23:04:31 IST" skipped="0">
  <testcase classname="testNG_BasicAnnotation.Test2_MultipleMethods" name="setup" time="3.056"/>
  <testcase classname="testNG_BasicAnnotation.Test2_MultipleMethods" name="geturl" time="6.992"/>
  <testcase classname="testNG_BasicAnnotation.Test2_MultipleMethods" name="maximize" time="5.141"/>
  <testcase classname="testNG_BasicAnnotation.Test2_MultipleMethods" name="type_username" time="5.191"/>
  <testcase classname="testNG_BasicAnnotation.Test2_MultipleMethods" name="type_passward" time="5.168"/>
  <testcase classname="testNG_BasicAnnotation.Test2_MultipleMethods" name="click_login" time="5.296"/>
  <testcase classname="testNG_BasicAnnotation.Test2_MultipleMethods" name="verofy_login" time="5.044"/>
  <testcase classname="testNG_BasicAnnotation.Test2_MultipleMethods" name="teardown" time="0.278"/>
</testsuite> <!-- testNG_BasicAnnotation.Test2_MultipleMethods -->
