<?xml version="1.0" encoding="UTF-8"?>
<!-- Generated by org.testng.reporters.JUnitReportReporter -->
<testsuite hostname="DESKTOP-C4NRMB8" failures="0" tests="1" name="browser.Chrome.Test1_Chrome" time="20.250" errors="0" timestamp="2024-01-28T13:18:02 IST" skipped="0">
  <testcase classname="browser.Chrome.Test1_Chrome" name="sdPage" time="20.250"/>
</testsuite> <!-- browser.Chrome.Test1_Chrome -->
