<?xml version="1.0" encoding="UTF-8"?>
<!-- Generated by org.testng.reporters.JUnitReportReporter -->
<testsuite hostname="DESKTOP-3N9MMOR" failures="0" tests="1" name="package2.Test1_SingleMethod" time="33.381" errors="0" timestamp="2023-07-26T15:46:10 IST" skipped="0">
  <testcase classname="package2.Test1_SingleMethod" name="sdPage" time="33.381"/>
</testsuite> <!-- package2.Test1_SingleMethod -->
