<?xml version="1.0" encoding="UTF-8"?>
<!-- Generated by org.testng.reporters.JUnitReportReporter -->
<testsuite hostname="DESKTOP-3N9MMOR" failures="0" tests="2" name="testNG_BasicAnnotation.Test3_AM_BM" time="37.689" errors="0" timestamp="2023-07-26T15:31:58 IST" skipped="0">
  <testcase classname="testNG_BasicAnnotation.Test3_AM_BM" name="verify_sdpage" time="19.528"/>
  <testcase classname="testNG_BasicAnnotation.Test3_AM_BM" name="verify_seleniumpage" time="18.161"/>
</testsuite> <!-- testNG_BasicAnnotation.Test3_AM_BM -->
