<?xml version="1.0" encoding="UTF-8"?>
<!-- Generated by org.testng.reporters.JUnitReportReporter -->
<testsuite hostname="DESKTOP-3N9MMOR" failures="0" tests="1" name="browser.Edge.Test1_Edge" time="19.264" errors="0" timestamp="2023-07-27T14:31:24 IST" skipped="0">
  <testcase classname="browser.Edge.Test1_Edge" name="sdPage" time="19.264"/>
</testsuite> <!-- browser.Edge.Test1_Edge -->
